Performing system checks...

System check identified no issues (0 silenced).
█Getting uuid of QR code.
Downloading QR code.
April 03, 2019 - 18:30:54
Django version 2.1.7, using settings 'party.settings'
Starting development server at http://0.0.0.0:80/
Quit the server with CONTROL-C.
                                                  ██████████████████████████████████████████████████████████████████████████████
██              ████  ██  ██    ██████  ██████████  ██  ██████              ██
██  ██████████  ████  ██    ██████████████      ████  ████████  ██████████  ██
██  ██      ██  ██      ██████      ██    ██  ██████  ██    ██  ██      ██  ██
██  ██      ██  ██  ██  ████      ██  ██  ██  ██████        ██  ██      ██  ██
██  ██      ██  ████  ████  ██  ██  ██  ████████  ██    ██████  ██      ██  ██
██  ██████████  ██████      ██    ██  ████  ██    ████  ██████  ██████████  ██
██              ██  ██  ██  ██  ██  ██  ██  ██  ██  ██  ██  ██              ██
████████████████████  ██  ████      ████    ██████    ██    ██████████████████
████████    ██    ██    ████  ████  ████████  ██    ████████████████    ██████
████    ████  ██    ██████████    ████████    ████    ██                  ████
████  ██    ██  ██    ██    ██    ██  ██████          ██              ████  ██
████    ████████  ████    ██  ████        ██  ████████    ██        ██  ██  ██
██  ██    ██          ██  ██████      ██    ██████  ████    ██    ██  ██    ██
████████████████      ██      ██    ██      ██  ██  ██        ████  ██  ██████
██████  ██████    ██  ██  ████      ██  ██    ██      ██  ██    ██          ██
██  ██    ████████      ██  ██████    ████  ██  ████████  ██  ████        ████
██████    ████      ██████      ██████  ██      ████  ████  ██    ████  ██  ██
██        ██████        ██        ████    ██  ██      ██  ██  ██  ██████  ████
████    ██  ██        ████  ██    ██      ████████  ████  ██████  ████  ██  ██
██  ████  ████████    ██  ████    ██      ████  ██    ██████  ██████  ████████
██    ██  ██                  ██    ████████  ██    ██  ██      ██    ████████
████  ██████████  ██    ████████    ██████  ██████          ████    ██    ████
██████  ██  ██        ████████    ██████      ████  ████  ██    ██  ████    ██
██  ██        ██  ██  ██  ████      ████  ██        ██      ████  ████    ████
██  ██  ████      ████████  ██  ██  ██  ██  ██  ████    ██████        ██  ████
██  ██      ██████  ██    ████████    ██      ████  ██        ████        ████
██        ████    ██  ██████  ██  ████      ██  ████        ██  ██████      ██
██  ██  ██    ██████  ████  ████  ██    ████    ██  ██        ██    ██  ██████
██  ██              ██    ████  ██    ██    ██    ██  ████          ██  ██████
██████████████████          ████████████████  ██  ██  ████  ██████        ████
██              ██  ████    ██    ████  ████████    ██████  ██  ██      ██  ██
██  ██████████  ████    ████    ████  ██████  ██        ██  ██████    ██  ████
██  ██      ██  ██  ████████    ██  ██████  ████    ████            ████  ████
██  ██      ██  ██  ██████  ████████          ██████        ██  ████  ████████
██  ██      ██  ████  ████      ██    ████  ██████    ████  ████            ██
██  ██████████  ██████    ██    ██████  ██      ██████  ██████  ██  ██      ██
██              ████  ████  ██████    ██      ██████  ████  ██  ████  ████  ██
██████████████████████████████████████████████████████████████████████████████
Please scan the QR code to log in.
